2024-07-18 18:50:25,411 - INFO - No students in the Winter - 2012 quarter term
2024-07-18 18:50:25,413 - INFO - No students in the Spring - 2012 quarter term
2024-07-18 18:50:25,415 - INFO - No students in the Winter - 2013 quarter term
2024-07-18 18:50:25,416 - INFO - No students in the Spring - 2013 quarter term
2024-07-18 18:50:25,420 - INFO - Searching for 198 students in 303 ASQs for the Winter - 2014 quarter term
2024-07-18 19:07:37,607 - INFO - No students in the Winter - 2012 quarter term
2024-07-18 19:07:37,609 - INFO - No students in the Spring - 2012 quarter term
2024-07-18 19:07:37,612 - INFO - No students in the Winter - 2013 quarter term
2024-07-18 19:07:37,613 - INFO - No students in the Spring - 2013 quarter term
2024-07-18 19:07:37,619 - INFO - Searching for 198 students in 303 ASQs for the Winter - 2014 quarter term
2024-07-18 19:09:15,331 - INFO - Searching for 172 students in 903 ASQs for the Spring - 2014 quarter term
2024-07-18 19:09:24,498 - INFO - Searching for 201 students in 449 ASQs for the Winter - 2016 quarter term
2024-07-18 19:09:32,859 - INFO - Searching for 205 students in 1550 ASQs for the Spring - 2016 quarter term
2024-07-18 19:09:51,828 - INFO - Searching for 213 students in 521 ASQs for the Winter - 2017 quarter term
2024-07-18 19:10:01,414 - INFO - Searching for 224 students in 1611 ASQs for the Spring - 2017 quarter term
2024-07-18 19:10:23,000 - INFO - Searching for 219 students in 692 ASQs for the Winter - 2018 quarter term
2024-07-18 19:10:34,643 - INFO - Searching for 10 students in 1976 ASQs for the Spring - 2018 quarter term
2024-07-18 19:10:59,576 - INFO - No students in the Winter - 2012 quarter term
2024-07-18 19:10:59,578 - INFO - No students in the Spring - 2012 quarter term
2024-07-18 19:10:59,580 - INFO - No students in the Winter - 2013 quarter term
2024-07-18 19:10:59,581 - INFO - No students in the Spring - 2013 quarter term
2024-07-18 19:10:59,585 - INFO - Searching for 198 students in 303 ASQs for the Winter - 2014 quarter term
2024-07-18 19:11:06,389 - INFO - Searching for 172 students in 903 ASQs for the Spring - 2014 quarter term
2024-07-18 19:11:16,147 - INFO - Searching for 201 students in 449 ASQs for the Winter - 2016 quarter term
2024-07-18 19:11:26,333 - INFO - Searching for 205 students in 1550 ASQs for the Spring - 2016 quarter term
2024-07-18 19:11:44,161 - INFO - Searching for 213 students in 521 ASQs for the Winter - 2017 quarter term
2024-07-18 19:11:54,723 - INFO - Searching for 224 students in 1611 ASQs for the Spring - 2017 quarter term
2024-07-18 19:12:15,702 - INFO - Searching for 219 students in 692 ASQs for the Winter - 2018 quarter term
2024-07-18 19:12:27,159 - INFO - Searching for 10 students in 1976 ASQs for the Spring - 2018 quarter term
2024-07-18 19:13:09,797 - INFO - Using categorical units to plot a list of strings that are all parsable as floats or dates. If these strings should be plotted as numbers, cast to the appropriate data type before plotting.
2024-07-18 19:13:09,839 - INFO - Using categorical units to plot a list of strings that are all parsable as floats or dates. If these strings should be plotted as numbers, cast to the appropriate data type before plotting.
2024-07-18 19:22:46,951 - INFO - No students in the Winter - 2012 quarter term
2024-07-18 19:22:46,953 - INFO - No students in the Spring - 2012 quarter term
2024-07-18 19:22:46,955 - INFO - No students in the Winter - 2013 quarter term
2024-07-18 19:22:46,956 - INFO - No students in the Spring - 2013 quarter term
2024-07-18 19:22:46,959 - INFO - Searching for 198 students in 303 ASQs for the Winter - 2014 quarter term
2024-07-18 19:23:20,664 - INFO - Searching for 172 students in 903 ASQs for the Spring - 2014 quarter term
2024-07-18 19:23:26,278 - INFO - Searching for 201 students in 449 ASQs for the Winter - 2016 quarter term
2024-07-18 19:23:31,992 - INFO - Searching for 205 students in 1550 ASQs for the Spring - 2016 quarter term
2024-07-18 19:23:41,310 - INFO - Searching for 213 students in 521 ASQs for the Winter - 2017 quarter term
2024-07-18 19:24:22,281 - INFO - No students in the Winter - 2012 quarter term
2024-07-18 19:24:22,285 - INFO - No students in the Spring - 2012 quarter term
2024-07-18 19:24:22,290 - INFO - No students in the Winter - 2013 quarter term
2024-07-18 19:24:22,293 - INFO - No students in the Spring - 2013 quarter term
2024-07-18 19:24:22,299 - INFO - Searching for 198 students in 303 ASQs for the Winter - 2014 quarter term
2024-07-18 19:24:28,488 - INFO - Searching for 172 students in 903 ASQs for the Spring - 2014 quarter term
2024-07-18 19:24:34,891 - INFO - Searching for 201 students in 449 ASQs for the Winter - 2016 quarter term
2024-07-18 19:24:40,801 - INFO - Searching for 205 students in 1550 ASQs for the Spring - 2016 quarter term
2024-07-18 19:24:50,699 - INFO - Searching for 213 students in 521 ASQs for the Winter - 2017 quarter term
2024-07-18 19:24:57,430 - INFO - Searching for 224 students in 1611 ASQs for the Spring - 2017 quarter term
2024-07-18 19:25:09,198 - INFO - Searching for 219 students in 692 ASQs for the Winter - 2018 quarter term
2024-07-18 19:25:18,474 - INFO - Searching for 10 students in 1976 ASQs for the Spring - 2018 quarter term
2024-07-18 19:25:19,025 - INFO - Using categorical units to plot a list of strings that are all parsable as floats or dates. If these strings should be plotted as numbers, cast to the appropriate data type before plotting.
2024-07-18 19:25:19,070 - INFO - Using categorical units to plot a list of strings that are all parsable as floats or dates. If these strings should be plotted as numbers, cast to the appropriate data type before plotting.
2024-07-18 19:25:20,286 - INFO - No students in the Winter - 2012 quarter term
2024-07-18 19:25:20,288 - INFO - No students in the Spring - 2012 quarter term
2024-07-18 19:25:20,291 - INFO - No students in the Winter - 2013 quarter term
2024-07-18 19:25:20,292 - INFO - No students in the Spring - 2013 quarter term
2024-07-18 19:25:20,297 - INFO - Searching for 198 students in 303 ASQs for the Winter - 2014 quarter term
2024-07-18 19:25:27,211 - INFO - Searching for 172 students in 903 ASQs for the Spring - 2014 quarter term
2024-07-18 19:25:36,654 - INFO - Searching for 201 students in 449 ASQs for the Winter - 2016 quarter term
2024-07-18 19:25:44,585 - INFO - Searching for 205 students in 1550 ASQs for the Spring - 2016 quarter term
2024-07-18 19:26:01,703 - INFO - Searching for 213 students in 521 ASQs for the Winter - 2017 quarter term
2024-07-18 19:26:11,443 - INFO - Searching for 224 students in 1611 ASQs for the Spring - 2017 quarter term
2024-07-18 19:26:29,912 - INFO - Searching for 219 students in 692 ASQs for the Winter - 2018 quarter term
2024-07-18 19:26:40,495 - INFO - Searching for 10 students in 1976 ASQs for the Spring - 2018 quarter term
2024-07-18 19:26:41,504 - INFO - Using categorical units to plot a list of strings that are all parsable as floats or dates. If these strings should be plotted as numbers, cast to the appropriate data type before plotting.
2024-07-18 19:26:41,525 - INFO - Using categorical units to plot a list of strings that are all parsable as floats or dates. If these strings should be plotted as numbers, cast to the appropriate data type before plotting.
2024-07-18 19:26:42,374 - INFO - No students in the Winter - 2012 quarter term
2024-07-18 19:26:42,376 - INFO - No students in the Spring - 2012 quarter term
2024-07-18 19:26:42,377 - INFO - No students in the Winter - 2013 quarter term
2024-07-18 19:26:42,378 - INFO - No students in the Spring - 2013 quarter term
2024-07-18 19:26:42,383 - INFO - Searching for 198 students in 303 ASQs for the Winter - 2014 quarter term
2024-07-18 19:26:48,558 - INFO - Searching for 172 students in 903 ASQs for the Spring - 2014 quarter term
2024-07-18 19:26:56,827 - INFO - Searching for 201 students in 449 ASQs for the Winter - 2016 quarter term
2024-07-18 19:27:04,300 - INFO - Searching for 205 students in 1550 ASQs for the Spring - 2016 quarter term
2024-07-18 19:27:19,434 - INFO - Searching for 213 students in 521 ASQs for the Winter - 2017 quarter term
2024-07-18 19:27:28,010 - INFO - Searching for 224 students in 1611 ASQs for the Spring - 2017 quarter term
2024-07-18 19:27:45,486 - INFO - Searching for 219 students in 692 ASQs for the Winter - 2018 quarter term
2024-07-18 19:27:56,002 - INFO - Searching for 10 students in 1976 ASQs for the Spring - 2018 quarter term
2024-07-18 19:27:56,755 - INFO - Using categorical units to plot a list of strings that are all parsable as floats or dates. If these strings should be plotted as numbers, cast to the appropriate data type before plotting.
2024-07-18 19:27:56,766 - INFO - Using categorical units to plot a list of strings that are all parsable as floats or dates. If these strings should be plotted as numbers, cast to the appropriate data type before plotting.
2024-07-18 19:27:57,552 - INFO - No students in the Winter - 2012 quarter term
2024-07-18 19:27:57,554 - INFO - No students in the Spring - 2012 quarter term
2024-07-18 19:27:57,555 - INFO - No students in the Winter - 2013 quarter term
2024-07-18 19:27:57,557 - INFO - No students in the Spring - 2013 quarter term
2024-07-18 19:27:57,561 - INFO - Searching for 198 students in 303 ASQs for the Winter - 2014 quarter term
2024-07-18 19:28:03,279 - INFO - Searching for 172 students in 903 ASQs for the Spring - 2014 quarter term
2024-07-18 19:28:10,279 - INFO - Searching for 201 students in 449 ASQs for the Winter - 2016 quarter term
2024-07-18 19:28:16,929 - INFO - Searching for 205 students in 1550 ASQs for the Spring - 2016 quarter term
2024-07-18 19:28:29,154 - INFO - Searching for 213 students in 521 ASQs for the Winter - 2017 quarter term
2024-07-18 19:28:36,829 - INFO - Searching for 224 students in 1611 ASQs for the Spring - 2017 quarter term
2024-07-18 19:28:50,924 - INFO - Searching for 219 students in 692 ASQs for the Winter - 2018 quarter term
2024-07-18 19:28:59,761 - INFO - Searching for 10 students in 1976 ASQs for the Spring - 2018 quarter term
2024-07-18 19:29:00,302 - INFO - Using categorical units to plot a list of strings that are all parsable as floats or dates. If these strings should be plotted as numbers, cast to the appropriate data type before plotting.
2024-07-18 19:29:00,310 - INFO - Using categorical units to plot a list of strings that are all parsable as floats or dates. If these strings should be plotted as numbers, cast to the appropriate data type before plotting.
2024-07-18 19:29:01,053 - INFO - No students in the Winter - 2012 quarter term
2024-07-18 19:29:01,054 - INFO - No students in the Spring - 2012 quarter term
2024-07-18 19:29:01,056 - INFO - No students in the Winter - 2013 quarter term
2024-07-18 19:29:01,057 - INFO - No students in the Spring - 2013 quarter term
2024-07-18 19:29:01,060 - INFO - Searching for 198 students in 303 ASQs for the Winter - 2014 quarter term
2024-07-18 19:29:08,700 - INFO - Searching for 172 students in 903 ASQs for the Spring - 2014 quarter term
2024-07-18 19:29:20,939 - INFO - Searching for 201 students in 449 ASQs for the Winter - 2016 quarter term
2024-07-18 19:29:30,465 - INFO - Searching for 205 students in 1550 ASQs for the Spring - 2016 quarter term
2024-07-18 19:29:52,514 - INFO - Searching for 213 students in 521 ASQs for the Winter - 2017 quarter term
2024-07-18 19:30:03,609 - INFO - Searching for 224 students in 1611 ASQs for the Spring - 2017 quarter term
2024-07-18 19:30:28,950 - INFO - Searching for 219 students in 692 ASQs for the Winter - 2018 quarter term
2024-07-18 19:30:42,458 - INFO - Searching for 10 students in 1976 ASQs for the Spring - 2018 quarter term
2024-07-18 19:30:43,591 - INFO - Using categorical units to plot a list of strings that are all parsable as floats or dates. If these strings should be plotted as numbers, cast to the appropriate data type before plotting.
2024-07-18 19:30:43,601 - INFO - Using categorical units to plot a list of strings that are all parsable as floats or dates. If these strings should be plotted as numbers, cast to the appropriate data type before plotting.
2024-07-18 19:30:44,246 - INFO - No students in the Winter - 2012 quarter term
2024-07-18 19:30:44,248 - INFO - No students in the Spring - 2012 quarter term
2024-07-18 19:30:44,250 - INFO - No students in the Winter - 2013 quarter term
2024-07-18 19:30:44,252 - INFO - No students in the Spring - 2013 quarter term
2024-07-18 19:30:44,255 - INFO - Searching for 198 students in 303 ASQs for the Winter - 2014 quarter term
2024-07-18 19:30:51,730 - INFO - Searching for 172 students in 903 ASQs for the Spring - 2014 quarter term
2024-07-18 19:31:02,221 - INFO - Searching for 201 students in 449 ASQs for the Winter - 2016 quarter term
2024-07-18 19:31:10,698 - INFO - Searching for 205 students in 1550 ASQs for the Spring - 2016 quarter term
2024-07-18 19:31:29,465 - INFO - Searching for 213 students in 521 ASQs for the Winter - 2017 quarter term
2024-07-18 19:31:39,424 - INFO - Searching for 224 students in 1611 ASQs for the Spring - 2017 quarter term
2024-07-18 19:32:03,767 - INFO - Searching for 219 students in 692 ASQs for the Winter - 2018 quarter term
2024-07-18 19:32:16,801 - INFO - Searching for 10 students in 1976 ASQs for the Spring - 2018 quarter term
2024-07-18 19:32:18,353 - INFO - Using categorical units to plot a list of strings that are all parsable as floats or dates. If these strings should be plotted as numbers, cast to the appropriate data type before plotting.
2024-07-18 19:32:18,369 - INFO - Using categorical units to plot a list of strings that are all parsable as floats or dates. If these strings should be plotted as numbers, cast to the appropriate data type before plotting.
2024-07-18 19:32:19,273 - INFO - No students in the Winter - 2012 quarter term
2024-07-18 19:32:19,275 - INFO - No students in the Spring - 2012 quarter term
2024-07-18 19:32:19,277 - INFO - No students in the Winter - 2013 quarter term
2024-07-18 19:32:19,279 - INFO - No students in the Spring - 2013 quarter term
2024-07-18 19:32:19,284 - INFO - Searching for 198 students in 303 ASQs for the Winter - 2014 quarter term
2024-07-18 19:32:31,022 - INFO - Searching for 172 students in 903 ASQs for the Spring - 2014 quarter term
2024-07-18 19:32:51,756 - INFO - Searching for 201 students in 449 ASQs for the Winter - 2016 quarter term
2024-07-18 19:33:05,139 - INFO - Searching for 205 students in 1550 ASQs for the Spring - 2016 quarter term
2024-07-18 19:33:41,752 - INFO - Searching for 213 students in 521 ASQs for the Winter - 2017 quarter term
2024-07-18 19:33:57,461 - INFO - Searching for 224 students in 1611 ASQs for the Spring - 2017 quarter term
2024-07-18 19:34:38,377 - INFO - Searching for 219 students in 692 ASQs for the Winter - 2018 quarter term
2024-07-18 19:34:58,745 - INFO - Searching for 10 students in 1976 ASQs for the Spring - 2018 quarter term
2024-07-18 19:35:00,864 - INFO - Using categorical units to plot a list of strings that are all parsable as floats or dates. If these strings should be plotted as numbers, cast to the appropriate data type before plotting.
2024-07-18 19:35:00,875 - INFO - Using categorical units to plot a list of strings that are all parsable as floats or dates. If these strings should be plotted as numbers, cast to the appropriate data type before plotting.
2024-07-18 19:35:01,697 - INFO - No students in the Winter - 2012 quarter term
2024-07-18 19:35:01,700 - INFO - No students in the Spring - 2012 quarter term
2024-07-18 19:35:01,702 - INFO - No students in the Winter - 2013 quarter term
2024-07-18 19:35:01,704 - INFO - No students in the Spring - 2013 quarter term
2024-07-18 19:35:01,710 - INFO - Searching for 198 students in 303 ASQs for the Winter - 2014 quarter term
2024-07-18 19:35:07,035 - INFO - Searching for 172 students in 903 ASQs for the Spring - 2014 quarter term
2024-07-18 19:35:13,331 - INFO - Searching for 201 students in 449 ASQs for the Winter - 2016 quarter term
2024-07-18 19:35:19,504 - INFO - Searching for 205 students in 1550 ASQs for the Spring - 2016 quarter term
2024-07-18 19:35:30,572 - INFO - Searching for 213 students in 521 ASQs for the Winter - 2017 quarter term
2024-07-18 19:35:37,788 - INFO - Searching for 224 students in 1611 ASQs for the Spring - 2017 quarter term
2024-07-18 19:35:50,396 - INFO - Searching for 219 students in 692 ASQs for the Winter - 2018 quarter term
2024-07-18 19:35:58,676 - INFO - Searching for 10 students in 1976 ASQs for the Spring - 2018 quarter term
2024-07-18 19:35:59,112 - INFO - Using categorical units to plot a list of strings that are all parsable as floats or dates. If these strings should be plotted as numbers, cast to the appropriate data type before plotting.
2024-07-18 19:35:59,122 - INFO - Using categorical units to plot a list of strings that are all parsable as floats or dates. If these strings should be plotted as numbers, cast to the appropriate data type before plotting.
2024-07-18 19:35:59,882 - INFO - No students in the Winter - 2012 quarter term
2024-07-18 19:35:59,883 - INFO - No students in the Spring - 2012 quarter term
2024-07-18 19:35:59,887 - INFO - No students in the Winter - 2013 quarter term
2024-07-18 19:35:59,888 - INFO - No students in the Spring - 2013 quarter term
2024-07-18 19:35:59,892 - INFO - Searching for 198 students in 303 ASQs for the Winter - 2014 quarter term
2024-07-18 19:36:09,689 - INFO - Searching for 172 students in 903 ASQs for the Spring - 2014 quarter term
2024-07-18 19:36:27,522 - INFO - Searching for 201 students in 449 ASQs for the Winter - 2016 quarter term
2024-07-18 19:36:40,580 - INFO - Searching for 205 students in 1550 ASQs for the Spring - 2016 quarter term
2024-07-18 19:37:14,975 - INFO - Searching for 213 students in 521 ASQs for the Winter - 2017 quarter term
2024-07-18 19:37:32,886 - INFO - Searching for 224 students in 1611 ASQs for the Spring - 2017 quarter term
2024-07-18 19:38:23,997 - INFO - Searching for 219 students in 692 ASQs for the Winter - 2018 quarter term
2024-07-18 19:38:47,780 - INFO - Searching for 10 students in 1976 ASQs for the Spring - 2018 quarter term
2024-07-18 19:38:50,276 - INFO - Using categorical units to plot a list of strings that are all parsable as floats or dates. If these strings should be plotted as numbers, cast to the appropriate data type before plotting.
2024-07-18 19:38:50,287 - INFO - Using categorical units to plot a list of strings that are all parsable as floats or dates. If these strings should be plotted as numbers, cast to the appropriate data type before plotting.
2024-07-18 19:38:51,139 - INFO - No students in the Winter - 2012 quarter term
2024-07-18 19:38:51,141 - INFO - No students in the Spring - 2012 quarter term
2024-07-18 19:38:51,142 - INFO - No students in the Winter - 2013 quarter term
2024-07-18 19:38:51,145 - INFO - No students in the Spring - 2013 quarter term
2024-07-18 19:38:51,148 - INFO - Searching for 198 students in 303 ASQs for the Winter - 2014 quarter term
2024-07-18 19:38:57,922 - INFO - Searching for 172 students in 903 ASQs for the Spring - 2014 quarter term
2024-07-18 19:39:06,086 - INFO - Searching for 201 students in 449 ASQs for the Winter - 2016 quarter term
2024-07-18 19:39:13,738 - INFO - Searching for 205 students in 1550 ASQs for the Spring - 2016 quarter term
2024-07-18 19:39:25,188 - INFO - Searching for 213 students in 521 ASQs for the Winter - 2017 quarter term
2024-07-18 19:39:32,725 - INFO - Searching for 224 students in 1611 ASQs for the Spring - 2017 quarter term
2024-07-18 19:39:45,406 - INFO - Searching for 219 students in 692 ASQs for the Winter - 2018 quarter term
2024-07-18 19:39:53,835 - INFO - Searching for 10 students in 1976 ASQs for the Spring - 2018 quarter term
2024-07-18 19:39:54,317 - INFO - Using categorical units to plot a list of strings that are all parsable as floats or dates. If these strings should be plotted as numbers, cast to the appropriate data type before plotting.
2024-07-18 19:39:54,326 - INFO - Using categorical units to plot a list of strings that are all parsable as floats or dates. If these strings should be plotted as numbers, cast to the appropriate data type before plotting.
2024-07-18 19:45:21,430 - INFO - No students in the Winter - 2012 quarter term
2024-07-18 19:45:21,431 - INFO - No students in the Spring - 2012 quarter term
2024-07-18 19:45:21,433 - INFO - No students in the Winter - 2013 quarter term
2024-07-18 19:45:21,433 - INFO - No students in the Spring - 2013 quarter term
2024-07-18 19:45:21,437 - INFO - Searching for 198 students in 303 ASQs for the Winter - 2014 quarter term
2024-07-18 19:45:25,496 - INFO - Searching for 172 students in 903 ASQs for the Spring - 2014 quarter term
2024-07-18 19:45:31,335 - INFO - Searching for 201 students in 449 ASQs for the Winter - 2016 quarter term
2024-07-18 19:45:35,722 - INFO - Searching for 205 students in 1550 ASQs for the Spring - 2016 quarter term
2024-07-18 19:45:47,510 - INFO - Searching for 213 students in 521 ASQs for the Winter - 2017 quarter term
2024-07-18 19:45:52,726 - INFO - Searching for 224 students in 1611 ASQs for the Spring - 2017 quarter term
2024-07-18 19:46:05,107 - INFO - Searching for 219 students in 692 ASQs for the Winter - 2018 quarter term
2024-07-18 19:46:11,162 - INFO - Searching for 10 students in 1976 ASQs for the Spring - 2018 quarter term
2024-07-18 19:52:33,482 - INFO - No students in the Winter - 2012 quarter term
2024-07-18 19:52:33,483 - INFO - No students in the Spring - 2012 quarter term
2024-07-18 19:52:33,484 - INFO - No students in the Winter - 2013 quarter term
2024-07-18 19:52:33,486 - INFO - No students in the Spring - 2013 quarter term
2024-07-18 19:52:33,488 - INFO - Searching for 198 students in 303 ASQs for the Winter - 2014 quarter term
2024-07-18 19:52:35,244 - INFO - Searching for 172 students in 903 ASQs for the Spring - 2014 quarter term
2024-07-18 19:52:37,159 - INFO - Searching for 201 students in 449 ASQs for the Winter - 2016 quarter term
2024-07-18 19:52:39,065 - INFO - Searching for 205 students in 1550 ASQs for the Spring - 2016 quarter term
2024-07-18 19:52:42,108 - INFO - Searching for 213 students in 521 ASQs for the Winter - 2017 quarter term
2024-07-18 19:52:44,468 - INFO - Searching for 224 students in 1611 ASQs for the Spring - 2017 quarter term
2024-07-18 19:52:48,002 - INFO - Searching for 219 students in 692 ASQs for the Winter - 2018 quarter term
2024-07-18 19:52:50,219 - INFO - Searching for 10 students in 1976 ASQs for the Spring - 2018 quarter term
2024-07-18 19:53:31,210 - INFO - No students in the Winter - 2012 quarter term
2024-07-18 19:53:31,212 - INFO - No students in the Spring - 2012 quarter term
2024-07-18 19:53:31,213 - INFO - No students in the Winter - 2013 quarter term
2024-07-18 19:53:31,214 - INFO - No students in the Spring - 2013 quarter term
2024-07-18 19:53:31,216 - INFO - Searching for 198 students in 303 ASQs for the Winter - 2014 quarter term
2024-07-18 19:53:32,846 - INFO - Searching for 172 students in 903 ASQs for the Spring - 2014 quarter term
2024-07-18 19:53:34,635 - INFO - Searching for 201 students in 449 ASQs for the Winter - 2016 quarter term
2024-07-18 19:53:36,608 - INFO - Searching for 205 students in 1550 ASQs for the Spring - 2016 quarter term
2024-07-18 19:53:39,463 - INFO - Searching for 213 students in 521 ASQs for the Winter - 2017 quarter term
2024-07-18 19:53:41,530 - INFO - Searching for 224 students in 1611 ASQs for the Spring - 2017 quarter term
2024-07-18 19:53:44,898 - INFO - Searching for 219 students in 692 ASQs for the Winter - 2018 quarter term
2024-07-18 19:53:47,132 - INFO - Searching for 10 students in 1976 ASQs for the Spring - 2018 quarter term
2024-07-18 19:53:47,831 - INFO - Using categorical units to plot a list of strings that are all parsable as floats or dates. If these strings should be plotted as numbers, cast to the appropriate data type before plotting.
2024-07-18 19:53:47,845 - INFO - Using categorical units to plot a list of strings that are all parsable as floats or dates. If these strings should be plotted as numbers, cast to the appropriate data type before plotting.
2024-07-18 19:53:48,727 - INFO - No students in the Winter - 2012 quarter term
2024-07-18 19:53:48,730 - INFO - No students in the Spring - 2012 quarter term
2024-07-18 19:53:48,730 - INFO - No students in the Winter - 2013 quarter term
2024-07-18 19:53:48,731 - INFO - No students in the Spring - 2013 quarter term
2024-07-18 19:53:48,734 - INFO - Searching for 198 students in 303 ASQs for the Winter - 2014 quarter term
2024-07-18 19:53:51,338 - INFO - Searching for 172 students in 903 ASQs for the Spring - 2014 quarter term
2024-07-18 19:53:54,800 - INFO - Searching for 201 students in 449 ASQs for the Winter - 2016 quarter term
2024-07-18 19:53:57,706 - INFO - Searching for 205 students in 1550 ASQs for the Spring - 2016 quarter term
2024-07-18 19:54:02,900 - INFO - Searching for 213 students in 521 ASQs for the Winter - 2017 quarter term
2024-07-18 19:54:05,695 - INFO - Searching for 224 students in 1611 ASQs for the Spring - 2017 quarter term
2024-07-18 19:54:11,738 - INFO - Searching for 219 students in 692 ASQs for the Winter - 2018 quarter term
2024-07-18 19:54:15,218 - INFO - Searching for 10 students in 1976 ASQs for the Spring - 2018 quarter term
2024-07-18 19:54:17,242 - INFO - Using categorical units to plot a list of strings that are all parsable as floats or dates. If these strings should be plotted as numbers, cast to the appropriate data type before plotting.
2024-07-18 19:54:17,246 - INFO - Using categorical units to plot a list of strings that are all parsable as floats or dates. If these strings should be plotted as numbers, cast to the appropriate data type before plotting.
2024-07-18 19:54:18,020 - INFO - No students in the Winter - 2012 quarter term
2024-07-18 19:54:18,022 - INFO - No students in the Spring - 2012 quarter term
2024-07-18 19:54:18,022 - INFO - No students in the Winter - 2013 quarter term
2024-07-18 19:54:18,024 - INFO - No students in the Spring - 2013 quarter term
2024-07-18 19:54:18,026 - INFO - Searching for 198 students in 303 ASQs for the Winter - 2014 quarter term
2024-07-18 19:54:20,561 - INFO - Searching for 172 students in 903 ASQs for the Spring - 2014 quarter term
2024-07-18 19:54:24,079 - INFO - Searching for 201 students in 449 ASQs for the Winter - 2016 quarter term
2024-07-18 19:54:27,081 - INFO - Searching for 205 students in 1550 ASQs for the Spring - 2016 quarter term
2024-07-18 19:54:31,645 - INFO - Searching for 213 students in 521 ASQs for the Winter - 2017 quarter term
2024-07-18 19:54:34,277 - INFO - Searching for 224 students in 1611 ASQs for the Spring - 2017 quarter term
2024-07-18 19:54:39,516 - INFO - Searching for 219 students in 692 ASQs for the Winter - 2018 quarter term
2024-07-18 19:54:42,598 - INFO - Searching for 10 students in 1976 ASQs for the Spring - 2018 quarter term
2024-07-18 19:54:43,509 - INFO - Using categorical units to plot a list of strings that are all parsable as floats or dates. If these strings should be plotted as numbers, cast to the appropriate data type before plotting.
2024-07-18 19:54:43,514 - INFO - Using categorical units to plot a list of strings that are all parsable as floats or dates. If these strings should be plotted as numbers, cast to the appropriate data type before plotting.
2024-07-18 19:54:44,371 - INFO - No students in the Winter - 2012 quarter term
2024-07-18 19:54:44,373 - INFO - No students in the Spring - 2012 quarter term
2024-07-18 19:54:44,374 - INFO - No students in the Winter - 2013 quarter term
2024-07-18 19:54:44,374 - INFO - No students in the Spring - 2013 quarter term
2024-07-18 19:54:44,377 - INFO - Searching for 198 students in 303 ASQs for the Winter - 2014 quarter term
2024-07-18 19:54:46,767 - INFO - Searching for 172 students in 903 ASQs for the Spring - 2014 quarter term
2024-07-18 19:54:49,316 - INFO - Searching for 201 students in 449 ASQs for the Winter - 2016 quarter term
2024-07-18 19:54:51,705 - INFO - Searching for 205 students in 1550 ASQs for the Spring - 2016 quarter term
2024-07-18 19:54:55,537 - INFO - Searching for 213 students in 521 ASQs for the Winter - 2017 quarter term
2024-07-18 19:54:57,889 - INFO - Searching for 224 students in 1611 ASQs for the Spring - 2017 quarter term
2024-07-18 19:55:02,339 - INFO - Searching for 219 students in 692 ASQs for the Winter - 2018 quarter term
2024-07-18 19:55:05,049 - INFO - Searching for 10 students in 1976 ASQs for the Spring - 2018 quarter term
2024-07-18 19:55:05,679 - INFO - Using categorical units to plot a list of strings that are all parsable as floats or dates. If these strings should be plotted as numbers, cast to the appropriate data type before plotting.
2024-07-18 19:55:05,683 - INFO - Using categorical units to plot a list of strings that are all parsable as floats or dates. If these strings should be plotted as numbers, cast to the appropriate data type before plotting.
2024-07-18 19:55:06,536 - INFO - No students in the Winter - 2012 quarter term
2024-07-18 19:55:06,537 - INFO - No students in the Spring - 2012 quarter term
2024-07-18 19:55:06,538 - INFO - No students in the Winter - 2013 quarter term
2024-07-18 19:55:06,539 - INFO - No students in the Spring - 2013 quarter term
2024-07-18 19:55:06,542 - INFO - Searching for 198 students in 303 ASQs for the Winter - 2014 quarter term
2024-07-18 19:55:09,631 - INFO - Searching for 172 students in 903 ASQs for the Spring - 2014 quarter term
2024-07-18 19:55:14,585 - INFO - Searching for 201 students in 449 ASQs for the Winter - 2016 quarter term
2024-07-18 19:55:17,766 - INFO - Searching for 205 students in 1550 ASQs for the Spring - 2016 quarter term
2024-07-18 19:55:25,425 - INFO - Searching for 213 students in 521 ASQs for the Winter - 2017 quarter term
2024-07-18 19:55:29,254 - INFO - Searching for 224 students in 1611 ASQs for the Spring - 2017 quarter term
2024-07-18 19:55:37,811 - INFO - Searching for 219 students in 692 ASQs for the Winter - 2018 quarter term
2024-07-18 19:55:42,696 - INFO - Searching for 10 students in 1976 ASQs for the Spring - 2018 quarter term
2024-07-18 19:55:45,636 - INFO - Using categorical units to plot a list of strings that are all parsable as floats or dates. If these strings should be plotted as numbers, cast to the appropriate data type before plotting.
2024-07-18 19:55:45,643 - INFO - Using categorical units to plot a list of strings that are all parsable as floats or dates. If these strings should be plotted as numbers, cast to the appropriate data type before plotting.
2024-07-18 19:55:46,475 - INFO - No students in the Winter - 2012 quarter term
2024-07-18 19:55:46,476 - INFO - No students in the Spring - 2012 quarter term
2024-07-18 19:55:46,477 - INFO - No students in the Winter - 2013 quarter term
2024-07-18 19:55:46,478 - INFO - No students in the Spring - 2013 quarter term
2024-07-18 19:55:46,480 - INFO - Searching for 198 students in 303 ASQs for the Winter - 2014 quarter term
2024-07-18 19:55:49,241 - INFO - Searching for 172 students in 903 ASQs for the Spring - 2014 quarter term
2024-07-18 19:55:53,926 - INFO - Searching for 201 students in 449 ASQs for the Winter - 2016 quarter term
2024-07-18 19:55:56,827 - INFO - Searching for 205 students in 1550 ASQs for the Spring - 2016 quarter term
2024-07-18 19:56:04,071 - INFO - Searching for 213 students in 521 ASQs for the Winter - 2017 quarter term
2024-07-18 19:56:08,224 - INFO - Searching for 224 students in 1611 ASQs for the Spring - 2017 quarter term
2024-07-18 19:56:17,596 - INFO - Searching for 219 students in 692 ASQs for the Winter - 2018 quarter term
2024-07-18 19:56:22,548 - INFO - Searching for 10 students in 1976 ASQs for the Spring - 2018 quarter term
2024-07-18 19:56:25,243 - INFO - Using categorical units to plot a list of strings that are all parsable as floats or dates. If these strings should be plotted as numbers, cast to the appropriate data type before plotting.
2024-07-18 19:56:25,246 - INFO - Using categorical units to plot a list of strings that are all parsable as floats or dates. If these strings should be plotted as numbers, cast to the appropriate data type before plotting.
2024-07-18 19:56:26,259 - INFO - No students in the Winter - 2012 quarter term
2024-07-18 19:56:26,261 - INFO - No students in the Spring - 2012 quarter term
2024-07-18 19:56:26,262 - INFO - No students in the Winter - 2013 quarter term
2024-07-18 19:56:26,264 - INFO - No students in the Spring - 2013 quarter term
2024-07-18 19:56:26,267 - INFO - Searching for 198 students in 303 ASQs for the Winter - 2014 quarter term
2024-07-18 19:56:30,770 - INFO - Searching for 172 students in 903 ASQs for the Spring - 2014 quarter term
2024-07-18 19:56:38,468 - INFO - Searching for 201 students in 449 ASQs for the Winter - 2016 quarter term
2024-07-18 19:56:44,012 - INFO - Searching for 205 students in 1550 ASQs for the Spring - 2016 quarter term
2024-07-18 19:56:58,377 - INFO - Searching for 213 students in 521 ASQs for the Winter - 2017 quarter term
2024-07-18 19:57:05,014 - INFO - Searching for 224 students in 1611 ASQs for the Spring - 2017 quarter term
2024-07-18 19:57:21,840 - INFO - Searching for 219 students in 692 ASQs for the Winter - 2018 quarter term
2024-07-18 19:57:29,940 - INFO - Searching for 10 students in 1976 ASQs for the Spring - 2018 quarter term
2024-07-18 19:57:32,200 - INFO - Using categorical units to plot a list of strings that are all parsable as floats or dates. If these strings should be plotted as numbers, cast to the appropriate data type before plotting.
2024-07-18 19:57:32,204 - INFO - Using categorical units to plot a list of strings that are all parsable as floats or dates. If these strings should be plotted as numbers, cast to the appropriate data type before plotting.
2024-07-18 19:57:33,281 - INFO - No students in the Winter - 2012 quarter term
2024-07-18 19:57:33,282 - INFO - No students in the Spring - 2012 quarter term
2024-07-18 19:57:33,284 - INFO - No students in the Winter - 2013 quarter term
2024-07-18 19:57:33,285 - INFO - No students in the Spring - 2013 quarter term
2024-07-18 19:57:33,288 - INFO - Searching for 198 students in 303 ASQs for the Winter - 2014 quarter term
2024-07-18 19:57:35,572 - INFO - Searching for 172 students in 903 ASQs for the Spring - 2014 quarter term
2024-07-18 19:57:37,981 - INFO - Searching for 201 students in 449 ASQs for the Winter - 2016 quarter term
2024-07-18 19:57:40,374 - INFO - Searching for 205 students in 1550 ASQs for the Spring - 2016 quarter term
2024-07-18 19:57:44,186 - INFO - Searching for 213 students in 521 ASQs for the Winter - 2017 quarter term
2024-07-18 19:57:46,853 - INFO - Searching for 224 students in 1611 ASQs for the Spring - 2017 quarter term
2024-07-18 19:57:51,241 - INFO - Searching for 219 students in 692 ASQs for the Winter - 2018 quarter term
2024-07-18 19:57:54,184 - INFO - Searching for 10 students in 1976 ASQs for the Spring - 2018 quarter term
2024-07-18 19:57:55,008 - INFO - Using categorical units to plot a list of strings that are all parsable as floats or dates. If these strings should be plotted as numbers, cast to the appropriate data type before plotting.
2024-07-18 19:57:55,013 - INFO - Using categorical units to plot a list of strings that are all parsable as floats or dates. If these strings should be plotted as numbers, cast to the appropriate data type before plotting.
2024-07-18 19:57:56,124 - INFO - No students in the Winter - 2012 quarter term
2024-07-18 19:57:56,125 - INFO - No students in the Spring - 2012 quarter term
2024-07-18 19:57:56,126 - INFO - No students in the Winter - 2013 quarter term
2024-07-18 19:57:56,127 - INFO - No students in the Spring - 2013 quarter term
2024-07-18 19:57:56,130 - INFO - Searching for 198 students in 303 ASQs for the Winter - 2014 quarter term
2024-07-18 19:58:00,280 - INFO - Searching for 172 students in 903 ASQs for the Spring - 2014 quarter term
2024-07-18 19:58:08,147 - INFO - Searching for 201 students in 449 ASQs for the Winter - 2016 quarter term
2024-07-18 19:58:13,518 - INFO - Searching for 205 students in 1550 ASQs for the Spring - 2016 quarter term
2024-07-18 19:58:27,743 - INFO - Searching for 213 students in 521 ASQs for the Winter - 2017 quarter term
2024-07-18 19:58:34,334 - INFO - Searching for 224 students in 1611 ASQs for the Spring - 2017 quarter term
2024-07-18 19:58:48,382 - INFO - Searching for 219 students in 692 ASQs for the Winter - 2018 quarter term
2024-07-18 19:58:55,071 - INFO - Searching for 10 students in 1976 ASQs for the Spring - 2018 quarter term
2024-07-18 19:58:56,916 - INFO - Using categorical units to plot a list of strings that are all parsable as floats or dates. If these strings should be plotted as numbers, cast to the appropriate data type before plotting.
2024-07-18 19:58:56,920 - INFO - Using categorical units to plot a list of strings that are all parsable as floats or dates. If these strings should be plotted as numbers, cast to the appropriate data type before plotting.
2024-07-18 19:58:57,853 - INFO - No students in the Winter - 2012 quarter term
2024-07-18 19:58:57,854 - INFO - No students in the Spring - 2012 quarter term
2024-07-18 19:58:57,855 - INFO - No students in the Winter - 2013 quarter term
2024-07-18 19:58:57,856 - INFO - No students in the Spring - 2013 quarter term
2024-07-18 19:58:57,858 - INFO - Searching for 198 students in 303 ASQs for the Winter - 2014 quarter term
2024-07-18 19:59:00,106 - INFO - Searching for 172 students in 903 ASQs for the Spring - 2014 quarter term
2024-07-18 19:59:02,251 - INFO - Searching for 201 students in 449 ASQs for the Winter - 2016 quarter term
2024-07-18 19:59:04,371 - INFO - Searching for 205 students in 1550 ASQs for the Spring - 2016 quarter term
2024-07-18 19:59:07,894 - INFO - Searching for 213 students in 521 ASQs for the Winter - 2017 quarter term
2024-07-18 19:59:10,043 - INFO - Searching for 224 students in 1611 ASQs for the Spring - 2017 quarter term
2024-07-18 19:59:13,588 - INFO - Searching for 219 students in 692 ASQs for the Winter - 2018 quarter term
2024-07-18 19:59:16,029 - INFO - Searching for 10 students in 1976 ASQs for the Spring - 2018 quarter term
2024-07-18 19:59:16,707 - INFO - Using categorical units to plot a list of strings that are all parsable as floats or dates. If these strings should be plotted as numbers, cast to the appropriate data type before plotting.
2024-07-18 19:59:16,711 - INFO - Using categorical units to plot a list of strings that are all parsable as floats or dates. If these strings should be plotted as numbers, cast to the appropriate data type before plotting.
